{
  "RSpec": {
    "coverage": {
      "/home/napwob/Project412/app/models/user.rb": {
        "lines": [
          null,
          null,
          1,
          1,
          1,
          1,
          1,
          1,
          1,
          1,
          1,
          1,
          null,
          1,
          null,
          null,
          1,
          22,
          22,
          22,
          22,
          22,
          22,
          null,
          null,
          1,
          11,
          11,
          11,
          11,
          11,
          11,
          11,
          null,
          null,
          1,
          11,
          1,
          1,
          null,
          null,
          11,
          1,
          1,
          null,
          null,
          null,
          1,
          11,
          null,
          11,
          11,
          null,
          11,
          11,
          null,
          11,
          null,
          null,
          1,
          9,
          1,
          null,
          1,
          8,
          2,
          null,
          2,
          null,
          6,
          null,
          null,
          null
        ]
      },
      "/home/napwob/Project412/app/models/user_actions.rb": {
        "lines": [
          null,
          null,
          1,
          1,
          1,
          3,
          1,
          null,
          2,
          2,
          null,
          null,
          null,
          1,
          1,
          1,
          null,
          null,
          1,
          2,
          1,
          null,
          1,
          1,
          null,
          null,
          null,
          1,
          2,
          1,
          null,
          1,
          1,
          null,
          null,
          null,
          1,
          2,
          1,
          null,
          1,
          1,
          null,
          null,
          null,
          1,
          3,
          1,
          2,
          1,
          1,
          null,
          1,
          1,
          null,
          null,
          null,
          1,
          2,
          1,
          1,
          null,
          1,
          1,
          null,
          null,
          null
        ]
      },
      "/home/napwob/Project412/app/models/application_record.rb": {
        "lines": [
          null,
          null,
          1,
          1,
          null
        ]
      },
      "/home/napwob/Project412/app/helpers/application_helper.rb": {
        "lines": [
          null,
          null,
          1,
          null
        ]
      },
      "/home/napwob/Project412/app/helpers/home_helper.rb": {
        "lines": [
          null,
          null,
          1,
          null
        ]
      },
      "/home/napwob/Project412/app/models/slot.rb": {
        "lines": [
          null,
          null,
          1,
          1,
          4,
          4,
          4,
          4,
          4,
          4,
          4,
          null,
          null,
          1,
          4,
          4,
          4,
          4,
          4,
          4,
          4,
          null,
          null
        ]
      },
      "/home/napwob/Project412/app/controllers/application_controller.rb": {
        "lines": [
          null,
          null,
          1,
          1,
          null,
          1,
          null,
          1,
          null,
          1,
          24,
          null,
          19,
          4,
          null,
          null,
          null
        ]
      },
      "/home/napwob/Project412/app/controllers/home_controller.rb": {
        "lines": [
          null,
          null,
          1,
          1,
          null
        ]
      },
      "/home/napwob/Project412/app/controllers/game_controller.rb": {
        "lines": [
          null,
          null,
          1,
          1,
          5,
          0,
          0,
          null,
          null,
          5,
          null,
          null,
          1,
          5,
          null,
          5,
          5,
          null,
          0,
          0,
          null,
          null,
          null,
          1,
          0,
          null,
          0,
          null,
          null,
          1,
          1,
          1,
          null,
          null,
          1,
          0,
          0,
          null,
          null,
          1,
          0,
          0,
          null,
          null,
          1,
          0,
          0,
          null,
          null,
          1,
          0,
          0,
          null,
          null,
          1,
          0,
          0,
          null,
          null,
          1,
          0,
          0,
          null,
          null
        ]
      },
      "/home/napwob/Project412/app/controllers/slots_controller.rb": {
        "lines": [
          null,
          null,
          1,
          1,
          null,
          1,
          1,
          0,
          0,
          null,
          null,
          1,
          1,
          null,
          1,
          1,
          null,
          null,
          null,
          1,
          3,
          null,
          0,
          null,
          null,
          1,
          3,
          1,
          1,
          null,
          2,
          null,
          2,
          2,
          null,
          0,
          null,
          null,
          null,
          null,
          1,
          2,
          2,
          null,
          2,
          null,
          2,
          null,
          2,
          null,
          null,
          1,
          0,
          0,
          0,
          null,
          null,
          1,
          0,
          0,
          null,
          0,
          null,
          0,
          null,
          null
        ]
      }
    },
    "timestamp": 1639130921
  }
}
