{
  "RSpec": {
    "coverage": {
      "/home/napwob/Project412/app/models/user.rb": {
        "lines": [
          null,
          null,
          1,
          1,
          1,
          1,
          1,
          2,
          2,
          2,
          2,
          2,
          null,
          2,
          null,
          null,
          1,
          23,
          23,
          23,
          23,
          23,
          23,
          null,
          null,
          1,
          30,
          30,
          30,
          30,
          30,
          30,
          30,
          null,
          null,
          1,
          30,
          3,
          3,
          null,
          null,
          30,
          7,
          7,
          null,
          null,
          null,
          1,
          30,
          null,
          30,
          30,
          null,
          30,
          30,
          null,
          30,
          null,
          null,
          1,
          64,
          3,
          null,
          3,
          61,
          4,
          null,
          4,
          null,
          57,
          null,
          null,
          null
        ]
      },
      "/home/napwob/Project412/app/models/user_actions.rb": {
        "lines": [
          null,
          null,
          1,
          1,
          1,
          6,
          1,
          null,
          5,
          5,
          null,
          null,
          null,
          1,
          3,
          3,
          null,
          null,
          1,
          4,
          1,
          null,
          3,
          3,
          null,
          null,
          null,
          1,
          4,
          1,
          null,
          3,
          3,
          null,
          null,
          null,
          1,
          8,
          1,
          null,
          7,
          7,
          null,
          null,
          null,
          1,
          5,
          1,
          4,
          1,
          1,
          null,
          3,
          3,
          null,
          null,
          null,
          1,
          4,
          3,
          3,
          null,
          1,
          1,
          null,
          null,
          null
        ]
      },
      "/home/napwob/Project412/app/models/application_record.rb": {
        "lines": [
          null,
          null,
          1,
          1,
          null
        ]
      },
      "/home/napwob/Project412/app/helpers/application_helper.rb": {
        "lines": [
          null,
          null,
          1,
          null
        ]
      },
      "/home/napwob/Project412/app/helpers/home_helper.rb": {
        "lines": [
          null,
          null,
          1,
          null
        ]
      },
      "/home/napwob/Project412/app/models/slot.rb": {
        "lines": [
          null,
          null,
          1,
          1,
          8,
          8,
          8,
          8,
          8,
          8,
          8,
          null,
          null,
          1,
          4,
          4,
          4,
          4,
          4,
          4,
          4,
          null,
          null
        ]
      },
      "/home/napwob/Project412/app/controllers/application_controller.rb": {
        "lines": [
          null,
          null,
          1,
          1,
          null,
          1,
          null,
          1,
          null,
          1,
          127,
          null,
          101,
          16,
          null,
          null,
          null
        ]
      },
      "/home/napwob/Project412/app/controllers/home_controller.rb": {
        "lines": [
          null,
          null,
          1,
          1,
          null
        ]
      },
      "/home/napwob/Project412/app/controllers/game_controller.rb": {
        "lines": [
          null,
          null,
          1,
          1,
          61,
          1,
          1,
          null,
          null,
          60,
          null,
          null,
          1,
          60,
          null,
          60,
          56,
          null,
          4,
          4,
          null,
          null,
          null,
          1,
          1,
          null,
          1,
          null,
          null,
          1,
          4,
          4,
          null,
          null,
          1,
          2,
          2,
          null,
          null,
          1,
          2,
          2,
          null,
          null,
          1,
          2,
          2,
          null,
          null,
          1,
          6,
          6,
          null,
          null,
          1,
          2,
          2,
          null,
          null,
          1,
          2,
          2,
          null,
          null
        ]
      },
      "/home/napwob/Project412/app/controllers/slots_controller.rb": {
        "lines": [
          null,
          null,
          1,
          1,
          null,
          1,
          3,
          1,
          1,
          null,
          null,
          2,
          2,
          null,
          2,
          2,
          null,
          null,
          null,
          1,
          9,
          null,
          1,
          null,
          null,
          1,
          7,
          1,
          1,
          null,
          6,
          null,
          6,
          5,
          null,
          1,
          null,
          null,
          null,
          null,
          1,
          5,
          5,
          null,
          5,
          null,
          5,
          null,
          5,
          null,
          null,
          1,
          1,
          1,
          1,
          null,
          null,
          1,
          1,
          1,
          null,
          1,
          null,
          1,
          null,
          null
        ]
      }
    },
    "timestamp": 1639464195
  }
}
